{
  "stats": {
    "suites": 4,
    "tests": 19,
    "passes": 19,
    "pending": 0,
    "failures": 0,
    "testsRegistered": 19,
    "passPercent": 100,
    "pendingPercent": 0,
    "other": 0,
    "hasOther": false,
    "skipped": 0,
    "hasSkipped": false,
    "start": "2025-06-27T09:57:33.000Z",
    "end": "2025-06-27T09:57:47.977Z",
    "duration": 14977
  },
  "results": [
    {
      "uuid": "701ea4e5-2558-4601-9dbf-68a146c1e2d6",
      "title": "",
      "fullFile": "cypress/e2e/footer.cy.js",
      "file": "cypress/e2e/footer.cy.js",
      "beforeHooks": [],
      "afterHooks": [],
      "tests": [],
      "suites": [
        {
          "uuid": "f1586a72-09e9-48db-bae8-6c6aa7e04660",
          "title": "Footer Component",
          "fullFile": "",
          "file": "",
          "beforeHooks": [],
          "afterHooks": [],
          "tests": [
            {
              "title": "should render all social media icons",
              "fullTitle": "Footer Component should render all social media icons",
              "timedOut": null,
              "duration": 1077,
              "state": "passed",
              "speed": "fast",
              "pass": true,
              "fail": false,
              "pending": false,
              "context": null,
              "code": "cy.get('.footer-social-row a').should('have.length', 5);\ncy.get('.footer-social-row').within(() => {\n  cy.get('a[aria-label=\"Facebook\"]').should('exist');\n  cy.get('a[aria-label=\"Instagram\"]').should('exist');\n  cy.get('a[aria-label=\"Twitter\"]').should('exist');\n  cy.get('a[aria-label=\"YouTube\"]').should('exist');\n  cy.get('a[aria-label=\"LinkedIn\"]').should('exist');\n});",
              "err": {},
              "uuid": "109426d0-b61c-4b0c-82c0-71216b6142bb",
              "parentUUID": "f1586a72-09e9-48db-bae8-6c6aa7e04660",
              "isHook": false,
              "skipped": false
            },
            {
              "title": "should render all 3 footer columns",
              "fullTitle": "Footer Component should render all 3 footer columns",
              "timedOut": null,
              "duration": 241,
              "state": "passed",
              "speed": "fast",
              "pass": true,
              "fail": false,
              "pending": false,
              "context": null,
              "code": "cy.get('.footer-main .footer-col').should('have.length', 3);",
              "err": {},
              "uuid": "d1878245-ba17-43f2-8c08-b9b94b28e4a8",
              "parentUUID": "f1586a72-09e9-48db-bae8-6c6aa7e04660",
              "isHook": false,
              "skipped": false
            },
            {
              "title": "should list all Useful Links items",
              "fullTitle": "Footer Component should list all Useful Links items",
              "timedOut": null,
              "duration": 231,
              "state": "passed",
              "speed": "fast",
              "pass": true,
              "fail": false,
              "pending": false,
              "context": null,
              "code": "cy.get('.footer-col').eq(0).within(() => {\n  cy.contains('Useful Links').should('exist');\n  const links = ['Hire us', 'Who we are', 'How we work', 'Book Luxury Interior Designer', 'Interior Cost Calculator', 'Contact us', 'Refer a friend', 'FAQs'];\n  links.forEach(text => cy.contains(text).should('exist'));\n});",
              "err": {},
              "uuid": "807cfa65-077e-425d-88ec-1babc77ada24",
              "parentUUID": "f1586a72-09e9-48db-bae8-6c6aa7e04660",
              "isHook": false,
              "skipped": false
            },
            {
              "title": "should list all Company Support items",
              "fullTitle": "Footer Component should list all Company Support items",
              "timedOut": null,
              "duration": 241,
              "state": "passed",
              "speed": "fast",
              "pass": true,
              "fail": false,
              "pending": false,
              "context": null,
              "code": "cy.get('.footer-col').eq(1).within(() => {\n  cy.contains('Company Support').should('exist');\n  const policies = ['Privacy Policy', 'Payment Policy', 'Refund, Return Policy & Delay Penalties', 'Cancellation Policy', 'Warranty Policy', 'Terms & Conditions'];\n  policies.forEach(text => cy.contains(text).should('exist'));\n});",
              "err": {},
              "uuid": "63a0925b-40f8-45ff-bddb-1284b1cee367",
              "parentUUID": "f1586a72-09e9-48db-bae8-6c6aa7e04660",
              "isHook": false,
              "skipped": false
            },
            {
              "title": "should display all address blocks with titles",
              "fullTitle": "Footer Component should display all address blocks with titles",
              "timedOut": null,
              "duration": 186,
              "state": "passed",
              "speed": "fast",
              "pass": true,
              "fail": false,
              "pending": false,
              "context": null,
              "code": "const addressTitles = ['Registered Address', 'Whitefield Design Centre', 'HSR Layout Design Centre'];\ncy.get('.footer-col').eq(2).within(() => {\n  addressTitles.forEach(title => cy.contains('.footer-address-title', title).should('exist'));\n});",
              "err": {},
              "uuid": "18560a34-7eff-4be5-9b18-8d3bafcefa23",
              "parentUUID": "f1586a72-09e9-48db-bae8-6c6aa7e04660",
              "isHook": false,
              "skipped": false
            },
            {
              "title": "should display the correct copyright text",
              "fullTitle": "Footer Component should display the correct copyright text",
              "timedOut": null,
              "duration": 176,
              "state": "passed",
              "speed": "fast",
              "pass": true,
              "fail": false,
              "pending": false,
              "context": null,
              "code": "cy.get('.footer-root').contains('Copyright © 2025 - JustFurnishIt').should('be.visible');",
              "err": {},
              "uuid": "5cf03167-a5fb-451d-aa3f-d1f53770e65f",
              "parentUUID": "f1586a72-09e9-48db-bae8-6c6aa7e04660",
              "isHook": false,
              "skipped": false
            }
          ],
          "suites": [],
          "passes": [
            "109426d0-b61c-4b0c-82c0-71216b6142bb",
            "d1878245-ba17-43f2-8c08-b9b94b28e4a8",
            "807cfa65-077e-425d-88ec-1babc77ada24",
            "63a0925b-40f8-45ff-bddb-1284b1cee367",
            "18560a34-7eff-4be5-9b18-8d3bafcefa23",
            "5cf03167-a5fb-451d-aa3f-d1f53770e65f"
          ],
          "failures": [],
          "pending": [],
          "skipped": [],
          "duration": 2152,
          "root": false,
          "rootEmpty": false,
          "_timeout": 2000
        }
      ],
      "passes": [],
      "failures": [],
      "pending": [],
      "skipped": [],
      "duration": 0,
      "root": true,
      "rootEmpty": true,
      "_timeout": 2000
    },
    {
      "uuid": "4123fe82-beac-4ead-8745-d9e2fff0a129",
      "title": "",
      "fullFile": "cypress/e2e/footerContact.cy.js",
      "file": "cypress/e2e/footerContact.cy.js",
      "beforeHooks": [],
      "afterHooks": [],
      "tests": [],
      "suites": [
        {
          "uuid": "957043ed-6258-401b-abc2-da2de8fcaa95",
          "title": "FooterContact Component",
          "fullFile": "",
          "file": "",
          "beforeHooks": [],
          "afterHooks": [],
          "tests": [
            {
              "title": "should display heading and description",
              "fullTitle": "FooterContact Component should display heading and description",
              "timedOut": null,
              "duration": 959,
              "state": "passed",
              "speed": "fast",
              "pass": true,
              "fail": false,
              "pending": false,
              "context": null,
              "code": "cy.contains('Contact Us').should('be.visible');\ncy.get('.footer-contact-desc').should('be.visible').and('contain.text', 'We’d love to hear from you!');",
              "err": {},
              "uuid": "1f7c2a8c-b4a9-4b2b-b2ab-ab504f77a3c3",
              "parentUUID": "957043ed-6258-401b-abc2-da2de8fcaa95",
              "isHook": false,
              "skipped": false
            },
            {
              "title": "should show address, phone, and email information",
              "fullTitle": "FooterContact Component should show address, phone, and email information",
              "timedOut": null,
              "duration": 315,
              "state": "passed",
              "speed": "fast",
              "pass": true,
              "fail": false,
              "pending": false,
              "context": null,
              "code": "cy.get('.footer-contact-item').should('have.length', 3);\ncy.contains('Address').should('exist');\ncy.contains('JustFurnishIt').should('exist');\ncy.contains('Phone').should('exist');\ncy.contains('561-456-2321').should('exist');\ncy.contains('Email').should('exist');\ncy.contains('justfurnishit@email.com').should('exist');",
              "err": {},
              "uuid": "7cad53ff-7093-4785-819a-3f011ff45220",
              "parentUUID": "957043ed-6258-401b-abc2-da2de8fcaa95",
              "isHook": false,
              "skipped": false
            },
            {
              "title": "should render all contact form fields",
              "fullTitle": "FooterContact Component should render all contact form fields",
              "timedOut": null,
              "duration": 189,
              "state": "passed",
              "speed": "fast",
              "pass": true,
              "fail": false,
              "pending": false,
              "context": null,
              "code": "cy.get('.footer-contact-form-box').within(() => {\n  cy.contains('Send Message').should('be.visible');\n  cy.get('input[type=\"text\"][placeholder=\"Full Name\"]').should('exist');\n  cy.get('input[type=\"email\"][placeholder=\"Email\"]').should('exist');\n  cy.get('input[type=\"tel\"]').should('exist');\n  cy.get('select').should('exist');\n  cy.get('textarea[placeholder=\"Type your Message...\"]').should('exist');\n  cy.get('button[type=\"submit\"]').should('contain.text', 'Send');\n});",
              "err": {},
              "uuid": "11ac35c7-323b-4d87-b672-2cc356e23151",
              "parentUUID": "957043ed-6258-401b-abc2-da2de8fcaa95",
              "isHook": false,
              "skipped": false
            },
            {
              "title": "should validate required form fields on submit",
              "fullTitle": "FooterContact Component should validate required form fields on submit",
              "timedOut": null,
              "duration": 273,
              "state": "passed",
              "speed": "fast",
              "pass": true,
              "fail": false,
              "pending": false,
              "context": null,
              "code": "cy.get('.footer-contact-form').within(() => {\n  cy.get('button[type=\"submit\"]').click();\n});\n// Optional: Check HTML5 native validation prevents form submission\ncy.get('input[required]:invalid').should('have.length.at.least', 1);",
              "err": {},
              "uuid": "294d98ed-3e18-47d2-8c95-26a094278656",
              "parentUUID": "957043ed-6258-401b-abc2-da2de8fcaa95",
              "isHook": false,
              "skipped": false
            },
            {
              "title": "should allow filling and submitting the form",
              "fullTitle": "FooterContact Component should allow filling and submitting the form",
              "timedOut": null,
              "duration": 1927,
              "state": "passed",
              "speed": "fast",
              "pass": true,
              "fail": false,
              "pending": false,
              "context": null,
              "code": "cy.get('.footer-contact-form').within(() => {\n  cy.get('input[type=\"text\"]').type('John Doe');\n  cy.get('input[type=\"email\"]').type('john@example.com');\n  cy.get('input[type=\"tel\"]').type('1234567890');\n  cy.get('select').select('Interior Design Service');\n  cy.get('textarea').type('I am interested in a modern interior design.');\n  cy.get('button[type=\"submit\"]').click();\n});\n// Optional: Add alert/message check if submission shows feedback",
              "err": {},
              "uuid": "ac9d3b6c-46e7-43b4-b85d-5f9010cf7508",
              "parentUUID": "957043ed-6258-401b-abc2-da2de8fcaa95",
              "isHook": false,
              "skipped": false
            }
          ],
          "suites": [],
          "passes": [
            "1f7c2a8c-b4a9-4b2b-b2ab-ab504f77a3c3",
            "7cad53ff-7093-4785-819a-3f011ff45220",
            "11ac35c7-323b-4d87-b672-2cc356e23151",
            "294d98ed-3e18-47d2-8c95-26a094278656",
            "ac9d3b6c-46e7-43b4-b85d-5f9010cf7508"
          ],
          "failures": [],
          "pending": [],
          "skipped": [],
          "duration": 3663,
          "root": false,
          "rootEmpty": false,
          "_timeout": 2000
        }
      ],
      "passes": [],
      "failures": [],
      "pending": [],
      "skipped": [],
      "duration": 0,
      "root": true,
      "rootEmpty": true,
      "_timeout": 2000
    },
    {
      "uuid": "dbb81401-b728-40b0-a64f-a65f56944f14",
      "title": "",
      "fullFile": "cypress/e2e/home.cy.js",
      "file": "cypress/e2e/home.cy.js",
      "beforeHooks": [],
      "afterHooks": [],
      "tests": [],
      "suites": [
        {
          "uuid": "346a53c7-932a-4746-ae36-1f79728c5094",
          "title": "Home Page UI and Navigation Tests",
          "fullFile": "",
          "file": "",
          "beforeHooks": [],
          "afterHooks": [],
          "tests": [
            {
              "title": "should render the hero banner with correct image and quote",
              "fullTitle": "Home Page UI and Navigation Tests should render the hero banner with correct image and quote",
              "timedOut": null,
              "duration": 933,
              "state": "passed",
              "speed": "fast",
              "pass": true,
              "fail": false,
              "pending": false,
              "context": null,
              "code": "cy.get('.hero-banner-sketch').should('have.css', 'background-image').and('include', 'http');\ncy.get('.hero-title').should('be.visible');\ncy.get('.hero-subtitle').should('be.visible');",
              "err": {},
              "uuid": "ea967f09-f7fb-4d4a-b692-3231ff8bd314",
              "parentUUID": "346a53c7-932a-4746-ae36-1f79728c5094",
              "isHook": false,
              "skipped": false
            },
            {
              "title": "should render and navigate hero slides with arrow buttons",
              "fullTitle": "Home Page UI and Navigation Tests should render and navigate hero slides with arrow buttons",
              "timedOut": null,
              "duration": 1432,
              "state": "passed",
              "speed": "fast",
              "pass": true,
              "fail": false,
              "pending": false,
              "context": null,
              "code": "cy.get('.hero-title').then($el => {\n  const initialTitle = $el.text();\n  cy.get('button.carousel-arrow.right').click();\n  cy.wait(500); // wait for state to update\n  cy.get('.hero-title').should($newEl => {\n    expect($newEl.text()).not.to.eq(initialTitle);\n  });\n  cy.get('button.carousel-arrow.left').click();\n  cy.wait(500);\n  cy.get('.hero-title').should('contain.text', initialTitle);\n});",
              "err": {},
              "uuid": "05be1bf2-ee57-471c-a542-77108768250b",
              "parentUUID": "346a53c7-932a-4746-ae36-1f79728c5094",
              "isHook": false,
              "skipped": false
            },
            {
              "title": "should render AboutUs, ReviewSection, FooterContact, and Footer components",
              "fullTitle": "Home Page UI and Navigation Tests should render AboutUs, ReviewSection, FooterContact, and Footer components",
              "timedOut": null,
              "duration": 204,
              "state": "passed",
              "speed": "fast",
              "pass": true,
              "fail": false,
              "pending": false,
              "context": null,
              "code": "cy.contains('About JustFurnishIt').should('exist');\ncy.contains('A Word From Our Customers').should('exist');\ncy.contains('Contact Us').should('exist');\ncy.contains('Useful Links').should('exist');",
              "err": {},
              "uuid": "0d31c6dc-fbaa-4ecd-9ce2-dc48edabac50",
              "parentUUID": "346a53c7-932a-4746-ae36-1f79728c5094",
              "isHook": false,
              "skipped": false
            }
          ],
          "suites": [],
          "passes": [
            "ea967f09-f7fb-4d4a-b692-3231ff8bd314",
            "05be1bf2-ee57-471c-a542-77108768250b",
            "0d31c6dc-fbaa-4ecd-9ce2-dc48edabac50"
          ],
          "failures": [],
          "pending": [],
          "skipped": [],
          "duration": 2569,
          "root": false,
          "rootEmpty": false,
          "_timeout": 2000
        }
      ],
      "passes": [],
      "failures": [],
      "pending": [],
      "skipped": [],
      "duration": 0,
      "root": true,
      "rootEmpty": true,
      "_timeout": 2000
    },
    {
      "uuid": "1a899abb-8a10-4d15-9d56-2a568c715aa2",
      "title": "",
      "fullFile": "cypress/e2e/reviewSection.cy.js",
      "file": "cypress/e2e/reviewSection.cy.js",
      "beforeHooks": [],
      "afterHooks": [],
      "tests": [],
      "suites": [
        {
          "uuid": "82048c55-22e7-42c6-a8e6-4d470c46f035",
          "title": "ReviewSection Component",
          "fullFile": "",
          "file": "",
          "beforeHooks": [],
          "afterHooks": [],
          "tests": [
            {
              "title": "should render the section title",
              "fullTitle": "ReviewSection Component should render the section title",
              "timedOut": null,
              "duration": 880,
              "state": "passed",
              "speed": "fast",
              "pass": true,
              "fail": false,
              "pending": false,
              "context": null,
              "code": "cy.contains('A Word From Our Customers').should('be.visible');",
              "err": {},
              "uuid": "0a1c40de-8dcf-4678-81a6-d412b8b5ba46",
              "parentUUID": "82048c55-22e7-42c6-a8e6-4d470c46f035",
              "isHook": false,
              "skipped": false
            },
            {
              "title": "should render three review cards",
              "fullTitle": "ReviewSection Component should render three review cards",
              "timedOut": null,
              "duration": 227,
              "state": "passed",
              "speed": "fast",
              "pass": true,
              "fail": false,
              "pending": false,
              "context": null,
              "code": "cy.get('.carousel-card').should('have.length', 3);",
              "err": {},
              "uuid": "cfa6be94-e922-4a14-9c99-d3ac78a69c49",
              "parentUUID": "82048c55-22e7-42c6-a8e6-4d470c46f035",
              "isHook": false,
              "skipped": false
            },
            {
              "title": "should highlight the center card differently",
              "fullTitle": "ReviewSection Component should highlight the center card differently",
              "timedOut": null,
              "duration": 185,
              "state": "passed",
              "speed": "fast",
              "pass": true,
              "fail": false,
              "pending": false,
              "context": null,
              "code": "cy.get('.carousel-card.center').should('exist');\ncy.get('.carousel-card.side').should('have.length', 2);",
              "err": {},
              "uuid": "f281de0e-a05e-4430-86b7-ede9ac8d635f",
              "parentUUID": "82048c55-22e7-42c6-a8e6-4d470c46f035",
              "isHook": false,
              "skipped": false
            },
            {
              "title": "should display name, role, review, designer, and rating on center card",
              "fullTitle": "ReviewSection Component should display name, role, review, designer, and rating on center card",
              "timedOut": null,
              "duration": 205,
              "state": "passed",
              "speed": "fast",
              "pass": true,
              "fail": false,
              "pending": false,
              "context": null,
              "code": "cy.get('.carousel-card.center').within(() => {\n  cy.get('.card-name').should('exist').and('not.be.empty');\n  cy.get('.card-role').should('exist').and('not.be.empty');\n  cy.get('.card-review blockquote').should('exist').and('not.be.empty');\n  cy.get('.card-design').should('contain.text', 'Designed by');\n  cy.get('.card-stars').find('svg').should('have.length', 5);\n});",
              "err": {},
              "uuid": "ce3b240f-620e-44be-a076-62b899fccbe8",
              "parentUUID": "82048c55-22e7-42c6-a8e6-4d470c46f035",
              "isHook": false,
              "skipped": false
            },
            {
              "title": "should display correct number of filled stars for rating",
              "fullTitle": "ReviewSection Component should display correct number of filled stars for rating",
              "timedOut": null,
              "duration": 175,
              "state": "passed",
              "speed": "fast",
              "pass": true,
              "fail": false,
              "pending": false,
              "context": null,
              "code": "cy.get('.carousel-card.center').within(() => {\n  cy.get('.card-stars svg').then($stars => {\n    const filledStars = $stars.filter((i, el) => el.getAttribute('color') === '#ffc107');\n    // rating should be 4 or 5, all reviews in your list are 4 or 5\n    expect(filledStars.length).to.be.within(4, 5);\n  });\n});",
              "err": {},
              "uuid": "93645115-0420-4a9c-bb8c-9eba938c8165",
              "parentUUID": "82048c55-22e7-42c6-a8e6-4d470c46f035",
              "isHook": false,
              "skipped": false
            }
          ],
          "suites": [],
          "passes": [
            "0a1c40de-8dcf-4678-81a6-d412b8b5ba46",
            "cfa6be94-e922-4a14-9c99-d3ac78a69c49",
            "f281de0e-a05e-4430-86b7-ede9ac8d635f",
            "ce3b240f-620e-44be-a076-62b899fccbe8",
            "93645115-0420-4a9c-bb8c-9eba938c8165"
          ],
          "failures": [],
          "pending": [],
          "skipped": [],
          "duration": 1672,
          "root": false,
          "rootEmpty": false,
          "_timeout": 2000
        }
      ],
      "passes": [],
      "failures": [],
      "pending": [],
      "skipped": [],
      "duration": 0,
      "root": true,
      "rootEmpty": true,
      "_timeout": 2000
    }
  ],
  "meta": {
    "mocha": {
      "version": "7.2.0"
    },
    "mochawesome": {
      "options": {
        "quiet": false,
        "reportFilename": "mochawesome",
        "saveHtml": false,
        "saveJson": true,
        "consoleReporter": "spec",
        "useInlineDiffs": false,
        "code": true
      },
      "version": "7.1.3"
    },
    "marge": {
      "options": {
        "id": "default",
        "reportDir": "cypress/reports/html",
        "overwrite": false,
        "html": false,
        "json": true
      },
      "version": "6.2.0"
    }
  }
}